2026-02-14 09:40:19,366 - INFO - Session started / Returned to Home
2026-02-14 09:41:05,913 - INFO - Session started / Returned to Home
2026-02-14 09:41:05,916 - INFO - Selected Tower: T1
2026-02-14 09:41:08,688 - INFO - Selected Floor: 1
2026-02-14 09:41:10,753 - INFO - Selected Dept: 103 (Phone: +51925224022)
2026-02-14 09:41:21,315 - INFO - Action logged: Mensaje to T1-103
2026-02-14 09:41:47,200 - INFO - Session started / Returned to Home
2026-02-14 09:41:48,378 - INFO - Session started / Returned to Home
2026-02-14 09:41:48,380 - INFO - Selected Tower: T1
2026-02-14 09:41:55,975 - INFO - Selected Floor: 1
2026-02-14 09:41:56,590 - INFO - Selected Dept: 101 (Phone: +51928366862)
2026-02-14 09:42:02,803 - INFO - Selected Floor: 1
2026-02-14 09:42:05,001 - INFO - Selected Dept: 101 (Phone: +51928366862)
2026-02-14 09:42:27,358 - INFO - Session started / Returned to Home
2026-02-14 09:45:19,099 - INFO - Session started / Returned to Home
2026-02-14 09:45:22,514 - INFO - Session started / Returned to Home
2026-02-14 09:45:22,518 - INFO - Selected Tower: T1
2026-02-14 09:45:23,007 - INFO - Selected Floor: 1
2026-02-14 09:45:23,409 - INFO - Selected Dept: 101 (Phone: +51928366862)
2026-02-14 09:45:30,865 - INFO - Session started / Returned to Home
2026-02-14 09:47:23,527 - INFO - Session started / Returned to Home
2026-02-14 09:47:25,427 - INFO - Session started / Returned to Home
2026-02-14 09:47:25,430 - INFO - Selected Tower: T1
2026-02-14 09:47:25,941 - INFO - Selected Floor: 1
2026-02-14 09:47:26,368 - INFO - Selected Dept: 101 (Phone: +51940424843)
2026-02-14 09:47:42,590 - INFO - Action logged: Mensaje to T1-101
2026-02-14 09:49:09,833 - INFO - Action logged: Mensaje to T1-101
2026-02-14 09:51:42,489 - INFO - Session started / Returned to Home
2026-02-14 09:51:43,532 - INFO - Session started / Returned to Home
2026-02-14 09:51:43,534 - INFO - Selected Tower: T1
2026-02-14 09:51:44,156 - INFO - Selected Floor: 1
2026-02-14 09:51:45,144 - INFO - Selected Dept: 101 (Phone: +51940424843)
2026-02-14 09:56:51,137 - INFO - Session started / Returned to Home
2026-02-14 09:56:55,157 - INFO - Session started / Returned to Home
2026-02-14 09:56:55,159 - INFO - Selected Tower: T1
2026-02-14 09:56:55,840 - INFO - Selected Floor: 1
2026-02-14 09:56:56,499 - INFO - Selected Dept: 101 (Phone: +51940424843)
2026-02-14 09:57:05,268 - INFO - Action logged: Llamada to T1-101
2026-02-14 09:58:36,034 - INFO - Session started / Returned to Home
2026-02-14 09:58:38,539 - INFO - Session started / Returned to Home
2026-02-14 09:58:38,542 - INFO - Selected Tower: T1
2026-02-14 09:58:39,277 - INFO - Selected Floor: 1
2026-02-14 09:58:40,093 - INFO - Selected Dept: 101 (Phone: +51940424843)
2026-02-14 09:58:43,750 - INFO - Action logged: Mensaje: Pedido en portería to T1-101
2026-02-14 10:04:57,473 - INFO - Session started / Returned to Home
2026-02-14 10:05:03,540 - INFO - Session started / Returned to Home
2026-02-14 10:05:03,542 - INFO - Selected Tower: T1
2026-02-14 10:05:04,082 - INFO - Selected Floor: 1
2026-02-14 10:05:04,852 - INFO - Selected Dept: 101 (Phone: +51940424843)
2026-02-14 10:11:37,837 - INFO - Session started / Returned to Home
2026-02-14 10:11:39,678 - INFO - Session started / Returned to Home
2026-02-14 10:11:39,680 - INFO - Selected Tower: T1
2026-02-14 10:11:40,208 - INFO - Selected Floor: 1
2026-02-14 10:11:40,944 - INFO - Selected Dept: 101 (Phone: +51940424843)
Configurado entorno de ejecución con run_intercom.py y archivos init.py para resolver conflictos de rutas.
2026-02-14 10:15:47,280 - INFO - Session started / Returned to Home
2026-02-14 10:15:49,378 - INFO - Session started / Returned to Home
2026-02-14 10:15:49,380 - INFO - Selected Tower: T1
2026-02-14 10:15:50,155 - INFO - Selected Floor: 1
2026-02-14 10:15:50,713 - INFO - Selected Dept: 101 (Phone: +51940424843)
2026-02-14 10:15:54,720 - INFO - Action logged: Llamada to T1-101
2026-02-14 10:16:07,288 - INFO - Action logged: Llamada to T1-101
2026-02-14 10:16:12,056 - INFO - Action logged: Mensaje: Pedido en portería to T1-101
2026-02-14 10:16:25,368 - INFO - Session started / Returned to Home
2026-02-14 10:27:59,131 - INFO - Session started / Returned to Home
2026-02-14 10:27:59,133 - INFO - Selected Tower: T1
2026-02-14 10:28:00,442 - INFO - Selected Floor: 1
2026-02-14 10:28:02,563 - INFO - Selected Dept: 101 (Phone: +51940424843)
2026-02-14 10:28:03,318 - INFO - Action logged: Llamada to T1-101
